        -:    0:Source:./sender.h
        -:    0:Graph:sender.gcno
        -:    0:Data:sender.gcda
        -:    0:Runs:1
        -:    0:Programs:1
        -:    1:#include<iostream>
        -:    2:#include <vector>
        -:    3:#include <string>
        -:    4:using namespace std;
        -:    5:vector <vector <string> >readData(const string& path);
        -:    6:void printDataToConsole(vector<vector <string> >& );
function _ZN9CSVReaderD1Ev called 1 returned 100% blocks executed 100%
function _ZN9CSVReaderD2Ev called 1 returned 100% blocks executed 100%
        2:    7:class CSVReader
        1:    7-block  0
unconditional  0 taken 1
        1:    7-block  1
unconditional  1 taken 1
        1:    7-block  2
unconditional  2 taken 1
        1:    7-block  3
unconditional  3 taken 1
        -:    8:{
        -:    9:    string fileName;
        -:   10:    string delimeter;
        -:   11:public:
        -:   12:  
function _ZN9CSVReaderC1ERKNSt3__112basic_stringIcNS0_11char_traitsIcEENS0_9allocatorIcEEEES8_ called 1 returned 100% blocks executed 100%
function _ZN9CSVReaderC2ERKNSt3__112basic_stringIcNS0_11char_traitsIcEENS0_9allocatorIcEEEES8_ called 1 returned 100% blocks executed 60%
        2:   13:   explicit CSVReader(const string& filename, const string& delim = ",") : fileName(filename), delimeter(delim) { }
        1:   13-block  0
unconditional  0 taken 1
        1:   13-block  1
unconditional  1 taken 1
        1:   13-block  2
unconditional  2 taken 1
        1:   13-block  3
branch  3 taken 1
branch  4 taken 0
        1:   13-block  4
unconditional  5 taken 1
    $$$$$:   13-block  5
unconditional  6 never executed
    $$$$$:   13-block  6
        -:   14:
        -:   15:    vector<vector <string> >readAndParse();
        -:   16:  
        -:   17:};
        -:   18:
        -:   19:
